{
 "PRed": [
  {
   "PR": {
    "number": 2,
    "state": "closed"
   },
   "data": {
    "bot_rerun": false,
    "migrator_name": "MigrationYaml",
    "migrator_object_version": 1,
    "migrator_version": 0,
    "name": "python310"
   },
   "keys": [
    "bot_rerun",
    "migrator_name",
    "migrator_object_version",
    "migrator_version",
    "name"
   ]
  },
  {
   "PR": {
    "number": 3,
    "state": "closed"
   },
   "data": {
    "bot_rerun": false,
    "migrator_name": "MigrationYaml",
    "migrator_object_version": 1,
    "migrator_version": 0,
    "name": "glog06"
   },
   "keys": [
    "bot_rerun",
    "migrator_name",
    "migrator_object_version",
    "migrator_version",
    "name"
   ]
  },
  {
   "PR": {
    "__lazy_json__": "pr_json/1341422773.json"
   },
   "data": {
    "bot_rerun": false,
    "migrator_name": "MigrationYaml",
    "migrator_object_version": 1,
    "migrator_version": 0,
    "name": "python311"
   },
   "keys": [
    "bot_rerun",
    "migrator_name",
    "migrator_object_version",
    "migrator_version",
    "name"
   ]
  }
 ],
 "bad": false,
 "pinning_version": "2023.05.06.16.29.06",
 "pre_pr_migrator_attempts": {
  "cuda120": 2,
  "glog07": 1311
 },
 "pre_pr_migrator_status": {
  "cuda120": "bot error (<a href=\"https://github.com/regro/cf-scripts/actions/runs/8678488528\">bot CI job</a>): main: Traceback (most recent call last):\n  File \"/home/runner/work/cf-scripts/cf-scripts/cf-scripts/conda_forge_tick/auto_tick.py\", line 1261, in _run_migrator\n    migrator_uid, pr_json = run(\n                            ^^^^\n  File \"/home/runner/work/cf-scripts/cf-scripts/cf-scripts/conda_forge_tick/auto_tick.py\", line 281, in run\n    eval_cmd(\n  File \"/home/runner/work/cf-scripts/cf-scripts/cf-scripts/conda_forge_tick/os_utils.py\", line 36, in eval_cmd\n    c.check_returncode()\n  File \"/home/runner/micromamba/envs/cf-scripts/lib/python3.11/subprocess.py\", line 502, in check_returncode\n    raise CalledProcessError(self.returncode, self.args, self.stdout,\nsubprocess.CalledProcessError: Command 'conda smithy rerender -c auto --no-check-uptodate' returned non-zero exit status 1.\n",
  "glog07": "bot error (<a href=\"https://github.com/regro/cf-scripts/actions/runs/10078903966\">bot CI job</a>): main:\nError running rerender-feedstock in container - error RuntimeError raised:\n'Failed to rerender.\noutput: Adding in variants from internal_defaults\nAdding in variants from /tmp/tmppo9hwf6r/conda-smithy/conda_build_config.yaml\nAdding in variants from /tmp/tmpe5986b2i/graphvite-feedstock/recipe/conda_build_config.yaml\nINFO:conda_smithy.configure_feedstock:Downloading conda-forge-pinning-2024.07.24.06.07.47\nINFO:conda_smithy.configure_feedstock:Extracting conda-forge-pinning to /tmp/tmppo9hwf6r/conda-smithy\nINFO:conda_smithy.configure_feedstock:README rendering is skipped\nINFO:conda_smithy.configure_feedstock:__pycache__ rendering is skipped\nINFO:conda_smithy.configure_feedstock:glog06.yaml is closed now. Removing\nINFO:conda_smithy.configure_feedstock:python310.yaml is closed now. Removing\nINFO:conda_smithy.configure_feedstock:glog07.yaml from feedstock is ignored and upstream version is used\nWARNING: Setting build platform. This is only useful when pretending to be on another platform, such as for rendering necessary dependencies on a non-native platform. I trust that you know what you're doing.\nWARNING: Setting build arch. This is only useful when pretending to be on another arch, such as for rendering necessary dependencies on a non-native arch. I trust that you know what you're doing.\nWARNING: No numpy version specified in conda_build_config.yaml.  Falling back to default numpy value of 1.23\nTraceback (most recent call last):\n  File \"/opt/conda/envs/cf-scripts/bin/conda-smithy\", line 10, in <module>\n    sys.exit(main())\n             ^^^^^^\n  File \"/opt/conda/envs/cf-scripts/lib/python3.11/site-packages/conda_smithy/cli.py\", line 766, in main\n    args.subcommand_func(args)\n  File \"/opt/conda/envs/cf-scripts/lib/python3.11/site-packages/conda_smithy/cli.py\", line 610, in __call__\n    self._call(args, args.temporary_directory)\n  File \"/opt/conda/envs/cf-scripts/lib/python3.11/site-packages/conda_smithy/cli.py\", line 613, in _call\n    configure_feedstock.main(\n  File \"/opt/conda/envs/cf-scripts/lib/python3.11/site-packages/conda_smithy/configure_feedstock.py\", line 2808, in main\n    render_azure(env, config, forge_dir, return_metadata=True)\n  File \"/opt/conda/envs/cf-scripts/lib/python3.11/site-packages/conda_smithy/configure_feedstock.py\", line 1905, in render_azure\n    return _render_ci_provider(\n           ^^^^^^^^^^^^^^^^^^^^\n  File \"/opt/conda/envs/cf-scripts/lib/python3.11/site-packages/conda_smithy/configure_feedstock.py\", line 1032, in _render_ci_provider\n    ) = conda_build.variants.get_package_combined_spec(\n        ^^^^^^^^^^^^^^^^^^^^^^^^^^^^^^^^^^^^^^^^^^^^^^^\n  File \"/opt/conda/envs/cf-scripts/lib/python3.11/site-packages/conda_build/variants.py\", line 666, in get_package_combined_spec\n    combined_spec = combine_specs(specs, log_output=config.verbose)\n                    ^^^^^^^^^^^^^^^^^^^^^^^^^^^^^^^^^^^^^^^^^^^^^^^\n  File \"/opt/conda/envs/cf-scripts/lib/python3.11/site-packages/conda_build/variants.py\", line 379, in combine_specs\n    values = _combine_spec_dictionaries(\n             ^^^^^^^^^^^^^^^^^^^^^^^^^^^\n  File \"/opt/conda/envs/cf-scripts/lib/python3.11/site-packages/conda_build/variants.py\", line 344, in _combine_spec_dictionaries\n    raise ValueError(\nValueError: variant config in /tmp/tmpe5986b2i/graphvite-feedstock/recipe/conda_build_config.yaml is ambiguous because it does not fully implement all zipped keys (missing ['fortran_compiler_version', 'c_stdlib_version', 'cdt_name', 'cuda_compiler', 'cuda_compiler_version', 'docker_image']) or specifies a subspace that is not fully implemented (we did not find ['10', '7', '9', '9', '9'] from {'c_compiler_version': ['10', '7', '9', '9', '9'], 'cxx_compiler_version': ['10', '7', '9', '9', '9']} in c_compiler_version:['12', '11']).\n\n'"
 },
 "smithy_version": "3.23.1"
}