{
 "PRed": [
  {
   "PR": {
    "__lazy_json__": "pr_json/240023269.json"
   },
   "data": {
    "bot_rerun": 1597087686.865649,
    "migrator_name": "CompilerRebuild",
    "migrator_version": 1,
    "name": "Python 3.7, GCC 7, R 3.5.1, openBLAS 0.3.2"
   },
   "keys": [
    "bot_rerun",
    "migrator_name",
    "migrator_version",
    "name"
   ]
  },
  {
   "PR": {
    "number": 12,
    "state": "closed"
   },
   "data": {
    "bot_rerun": false,
    "migrator_name": "Rebuild",
    "migrator_version": 0,
    "name": "boost-1.70.0"
   },
   "keys": [
    "bot_rerun",
    "migrator_name",
    "migrator_version",
    "name"
   ]
  },
  {
   "PR": {
    "number": 13,
    "state": "closed"
   },
   "data": {
    "bot_rerun": false,
    "migrator_name": "MigrationYaml",
    "migrator_object_version": 1,
    "migrator_version": 0,
    "name": "python38"
   },
   "keys": [
    "bot_rerun",
    "migrator_name",
    "migrator_object_version",
    "migrator_version",
    "name"
   ]
  },
  {
   "PR": {
    "number": 14,
    "state": "closed"
   },
   "data": {
    "bot_rerun": false,
    "migrator_name": "MigrationYaml",
    "migrator_object_version": 2,
    "migrator_version": 0,
    "name": "boost172"
   },
   "keys": [
    "bot_rerun",
    "migrator_name",
    "migrator_object_version",
    "migrator_version",
    "name"
   ]
  },
  {
   "PR": {
    "__lazy_json__": "pr_json/413866039.json"
   },
   "data": {
    "bot_rerun": false,
    "migrator_name": "MigrationYaml",
    "migrator_object_version": 1,
    "migrator_version": 0,
    "name": "pypy"
   },
   "keys": [
    "bot_rerun",
    "migrator_name",
    "migrator_object_version",
    "migrator_version",
    "name"
   ]
  },
  {
   "PR": {
    "__lazy_json__": "pr_json/485596380.json"
   },
   "data": {
    "bot_rerun": false,
    "migrator_name": "MigrationYaml",
    "migrator_object_version": 1,
    "migrator_version": 0,
    "name": "boost_cpp1740"
   },
   "keys": [
    "bot_rerun",
    "migrator_name",
    "migrator_object_version",
    "migrator_version",
    "name"
   ]
  },
  {
   "PR": {
    "__lazy_json__": "pr_json/519100933.json"
   },
   "data": {
    "bot_rerun": false,
    "migrator_name": "MigrationYaml",
    "migrator_object_version": 2,
    "migrator_version": 0,
    "name": "python39"
   },
   "keys": [
    "bot_rerun",
    "migrator_name",
    "migrator_object_version",
    "migrator_version",
    "name"
   ]
  },
  {
   "PR": {
    "__lazy_json__": "pr_json/575552863.json"
   },
   "data": {
    "bot_rerun": false,
    "migrator_name": "MigrationYaml",
    "migrator_object_version": 1,
    "migrator_version": 0,
    "name": "pypy37"
   },
   "keys": [
    "bot_rerun",
    "migrator_name",
    "migrator_object_version",
    "migrator_version",
    "name"
   ]
  },
  {
   "PR": {
    "__lazy_json__": "pr_json/801540996.json"
   },
   "data": {
    "bot_rerun": false,
    "migrator_name": "MigrationYaml",
    "migrator_object_version": 1,
    "migrator_version": 0,
    "name": "python310"
   },
   "keys": [
    "bot_rerun",
    "migrator_name",
    "migrator_object_version",
    "migrator_version",
    "name"
   ]
  }
 ],
 "bad": false,
 "pinning_version": "2021.12.13.11.03.33",
 "pre_pr_migrator_attempts": {
  "boost1780": 209,
  "boost_cpp_to_libboost": 276,
  "pypy37": 1,
  "pypy38": 571,
  "python311": 861,
  "python312": 410,
  "python39": 1
 },
 "pre_pr_migrator_status": {
  "boost1780": "not solvable (<a href=\"https://github.com/regro/autotick-bot/actions/runs/3337809201\">bot CI job</a>): main: ['linux_64_python3.10.____cpython: Encountered problems while solving:\\n  - package py-boost-1.65.1-py27h3b928e7_3 requires python >=2.7,<2.8.0a0, but none of the providers can be installed\\n', 'linux_64_python3.8.____cpython: Encountered problems while solving:\\n  - package py-boost-1.65.1-py27h3b928e7_3 requires python >=2.7,<2.8.0a0, but none of the providers can be installed\\n', 'linux_64_python3.9.____cpython: Encountered problems while solving:\\n  - package py-boost-1.65.1-py27h3b928e7_3 requires python >=2.7,<2.8.0a0, but none of the providers can be installed\\n', 'osx_64_python3.10.____cpython: Encountered problems while solving:\\n  - nothing provides requested toolchain\\n  - package py-boost-1.65.1-py27h75ca4b9_3 requires python >=2.7,<2.8.0a0, but none of the providers can be installed\\n', 'osx_64_python3.8.____cpython: Encountered problems while solving:\\n  - nothing provides requested toolchain\\n  - package py-boost-1.65.1-py27h75ca4b9_3 requires python >=2.7,<2.8.0a0, but none of the providers can be installed\\n', 'osx_64_python3.9.____cpython: Encountered problems while solving:\\n  - nothing provides requested toolchain\\n  - package py-boost-1.65.1-py27h75ca4b9_3 requires python >=2.7,<2.8.0a0, but none of the providers can be installed\\n', 'win_64_python3.10.____cpython: Encountered problems while solving:\\n  - package py-boost-1.65.1-py35_vc14h42d8cec_3 requires python >=3.5,<3.6.0a0, but none of the providers can be installed\\n', 'win_64_python3.8.____cpython: Encountered problems while solving:\\n  - package py-boost-1.65.1-py35_vc14h42d8cec_3 requires python >=3.5,<3.6.0a0, but none of the providers can be installed\\n', 'win_64_python3.9.____cpython: Encountered problems while solving:\\n  - package py-boost-1.65.1-py35_vc14h42d8cec_3 requires python >=3.5,<3.6.0a0, but none of the providers can be installed\\n']",
  "boost_cpp_to_libboost": "not solvable (<a href='https://github.com/regro/cf-scripts/actions/runs/7250243840'>bot CI job</a>) @ main\n                <details>\n                <div align=\"left\">\n                <pre>\n                linux_64_python3.10.____cpython: Could not solve for environment specs\nThe following package could not be installed\n\u2514\u2500 libboost-python-devel 1.65.1.*  does not exist (perhaps a typo or a missing channel).</pre><pre>linux_64_python3.10.____cpython: Could not solve for environment specs\nThe following packages are incompatible\n\u251C\u2500 libboost-python-devel 1.65.1.*  does not exist (perhaps a typo or a missing channel);\n\u2514\u2500 toolchain does not exist (perhaps a typo or a missing channel).</pre><pre>linux_64_python3.11.____cpython: Could not solve for environment specs\nThe following package could not be installed\n\u2514\u2500 libboost-python-devel 1.65.1.*  does not exist (perhaps a typo or a missing channel).</pre><pre>linux_64_python3.11.____cpython: Could not solve for environment specs\nThe following packages are incompatible\n\u251C\u2500 libboost-python-devel 1.65.1.*  does not exist (perhaps a typo or a missing channel);\n\u2514\u2500 toolchain does not exist (perhaps a typo or a missing channel).</pre><pre>linux_64_python3.8.____cpython: Could not solve for environment specs\nThe following package could not be installed\n\u2514\u2500 libboost-python-devel 1.65.1.*  does not exist (perhaps a typo or a missing channel).</pre><pre>linux_64_python3.8.____cpython: Could not solve for environment specs\nThe following packages are incompatible\n\u251C\u2500 libboost-python-devel 1.65.1.*  does not exist (perhaps a typo or a missing channel);\n\u2514\u2500 toolchain does not exist (perhaps a typo or a missing channel).</pre><pre>linux_64_python3.9.____cpython: Could not solve for environment specs\nThe following package could not be installed\n\u2514\u2500 libboost-python-devel 1.65.1.*  does not exist (perhaps a typo or a missing channel).</pre><pre>linux_64_python3.9.____cpython: Could not solve for environment specs\nThe following packages are incompatible\n\u251C\u2500 libboost-python-devel 1.65.1.*  does not exist (perhaps a typo or a missing channel);\n\u2514\u2500 toolchain does not exist (perhaps a typo or a missing channel).</pre><pre>osx_64_python3.10.____cpython: Could not solve for environment specs\nThe following package could not be installed\n\u2514\u2500 libboost-python-devel 1.65.1.*  does not exist (perhaps a typo or a missing channel).</pre><pre>osx_64_python3.10.____cpython: Could not solve for environment specs\nThe following packages are incompatible\n\u251C\u2500 libboost-python-devel 1.65.1.*  does not exist (perhaps a typo or a missing channel);\n\u2514\u2500 toolchain does not exist (perhaps a typo or a missing channel).</pre><pre>osx_64_python3.11.____cpython: Could not solve for environment specs\nThe following package could not be installed\n\u2514\u2500 libboost-python-devel 1.65.1.*  does not exist (perhaps a typo or a missing channel).</pre><pre>osx_64_python3.11.____cpython: Could not solve for environment specs\nThe following packages are incompatible\n\u251C\u2500 libboost-python-devel 1.65.1.*  does not exist (perhaps a typo or a missing channel);\n\u2514\u2500 toolchain does not exist (perhaps a typo or a missing channel).</pre><pre>osx_64_python3.8.____cpython: Could not solve for environment specs\nThe following package could not be installed\n\u2514\u2500 libboost-python-devel 1.65.1.*  does not exist (perhaps a typo or a missing channel).</pre><pre>osx_64_python3.8.____cpython: Could not solve for environment specs\nThe following packages are incompatible\n\u251C\u2500 libboost-python-devel 1.65.1.*  does not exist (perhaps a typo or a missing channel);\n\u2514\u2500 toolchain does not exist (perhaps a typo or a missing channel).</pre><pre>osx_64_python3.9.____cpython: Could not solve for environment specs\nThe following package could not be installed\n\u2514\u2500 libboost-python-devel 1.65.1.*  does not exist (perhaps a typo or a missing channel).</pre><pre>osx_64_python3.9.____cpython: Could not solve for environment specs\nThe following packages are incompatible\n\u251C\u2500 libboost-python-devel 1.65.1.*  does not exist (perhaps a typo or a missing channel);\n\u2514\u2500 toolchain does not exist (perhaps a typo or a missing channel).</pre><pre>win_64_python3.10.____cpython: Could not solve for environment specs\nThe following package could not be installed\n\u2514\u2500 libboost-python-devel 1.65.1.*  does not exist (perhaps a typo or a missing channel).</pre><pre>win_64_python3.10.____cpython: Could not solve for environment specs\nThe following packages are incompatible\n\u251C\u2500 libboost-python-devel 1.65.1.*  does not exist (perhaps a typo or a missing channel);\n\u2514\u2500 toolchain does not exist (perhaps a typo or a missing channel).</pre><pre>win_64_python3.11.____cpython: Could not solve for environment specs\nThe following package could not be installed\n\u2514\u2500 libboost-python-devel 1.65.1.*  does not exist (perhaps a typo or a missing channel).</pre><pre>win_64_python3.11.____cpython: Could not solve for environment specs\nThe following packages are incompatible\n\u251C\u2500 libboost-python-devel 1.65.1.*  does not exist (perhaps a typo or a missing channel);\n\u2514\u2500 toolchain does not exist (perhaps a typo or a missing channel).</pre><pre>win_64_python3.8.____cpython: Could not solve for environment specs\nThe following package could not be installed\n\u2514\u2500 libboost-python-devel 1.65.1.*  does not exist (perhaps a typo or a missing channel).</pre><pre>win_64_python3.8.____cpython: Could not solve for environment specs\nThe following packages are incompatible\n\u251C\u2500 libboost-python-devel 1.65.1.*  does not exist (perhaps a typo or a missing channel);\n\u2514\u2500 toolchain does not exist (perhaps a typo or a missing channel).</pre><pre>win_64_python3.9.____cpython: Could not solve for environment specs\nThe following package could not be installed\n\u2514\u2500 libboost-python-devel 1.65.1.*  does not exist (perhaps a typo or a missing channel).</pre><pre>win_64_python3.9.____cpython: Could not solve for environment specs\nThe following packages are incompatible\n\u251C\u2500 libboost-python-devel 1.65.1.*  does not exist (perhaps a typo or a missing channel);\n\u2514\u2500 toolchain does not exist (perhaps a typo or a missing channel).\n                </pre>\n                </div>\n                </details>",
  "pypy37": "not solvable (<a href=\"https://github.com/regro/autotick-bot/actions/runs/577337625\">bot CI job</a>): master: ['linux_64_python3.7.____73_pypy: Encountered problems while solving.\\nProblem: package boost-1.65.1-py27_4 requires python >=2.7,<2.8.0a0, but none of the providers can be installed\\n', 'linux_64_python3.7.____cpython: Encountered problems while solving.\\nProblem: package py-boost-1.65.1-py27h3b928e7_3 requires python >=2.7,<2.8.0a0, but none of the providers can be installed\\n', 'linux_64_python3.8.____cpython: Encountered problems while solving.\\nProblem: package py-boost-1.65.1-py27h3b928e7_3 requires python >=2.7,<2.8.0a0, but none of the providers can be installed\\n', 'osx_64_python3.6.____cpython: Encountered problems while solving.\\nProblem: nothing provides requested toolchain\\n', 'osx_64_python3.7.____73_pypy: Encountered problems while solving.\\nProblem: nothing provides requested toolchain\\nProblem: package boost-1.65.1-py27_4 requires python >=2.7,<2.8.0a0, but none of the providers can be installed\\n', 'osx_64_python3.7.____cpython: Encountered problems while solving.\\nProblem: nothing provides requested toolchain\\nProblem: package py-boost-1.65.1-py27h75ca4b9_3 requires python >=2.7,<2.8.0a0, but none of the providers can be installed\\n', 'osx_64_python3.8.____cpython: Encountered problems while solving.\\nProblem: nothing provides requested toolchain\\nProblem: package py-boost-1.65.1-py27h75ca4b9_3 requires python >=2.7,<2.8.0a0, but none of the providers can be installed\\n', 'win_64_python3.7.____cpython: Encountered problems while solving.\\nProblem: package py-boost-1.65.1-py27_vc9hd6400c3_3 requires python >=2.7,<2.8.0a0, but none of the providers can be installed\\n', 'win_64_python3.8.____cpython: Encountered problems while solving.\\nProblem: package py-boost-1.65.1-py27_vc9hd6400c3_3 requires python >=2.7,<2.8.0a0, but none of the providers can be installed\\n']",
  "pypy38": "bot error (<a href=\"https://github.com/regro/cf-scripts/actions/runs/9135917441\">bot CI job</a>): main: Traceback (most recent call last):\n  File \"/home/runner/micromamba/envs/cf-scripts/lib/python3.11/site-packages/urllib3/connection.py\", line 174, in _new_conn\n    conn = connection.create_connection(\n           ^^^^^^^^^^^^^^^^^^^^^^^^^^^^^\n  File \"/home/runner/micromamba/envs/cf-scripts/lib/python3.11/site-packages/urllib3/util/connection.py\", line 95, in create_connection\n    raise err\n  File \"/home/runner/micromamba/envs/cf-scripts/lib/python3.11/site-packages/urllib3/util/connection.py\", line 85, in create_connection\n    sock.connect(sa)\nTimeoutError: timed out\n\nDuring handling of the above exception, another exception occurred:\n\nTraceback (most recent call last):\n  File \"/home/runner/micromamba/envs/cf-scripts/lib/python3.11/site-packages/urllib3/connectionpool.py\", line 715, in urlopen\n    httplib_response = self._make_request(\n                       ^^^^^^^^^^^^^^^^^^^\n  File \"/home/runner/micromamba/envs/cf-scripts/lib/python3.11/site-packages/urllib3/connectionpool.py\", line 404, in _make_request\n    self._validate_conn(conn)\n  File \"/home/runner/micromamba/envs/cf-scripts/lib/python3.11/site-packages/urllib3/connectionpool.py\", line 1058, in _validate_conn\n    conn.connect()\n  File \"/home/runner/micromamba/envs/cf-scripts/lib/python3.11/site-packages/urllib3/connection.py\", line 363, in connect\n    self.sock = conn = self._new_conn()\n                       ^^^^^^^^^^^^^^^^\n  File \"/home/runner/micromamba/envs/cf-scripts/lib/python3.11/site-packages/urllib3/connection.py\", line 179, in _new_conn\n    raise ConnectTimeoutError(\nurllib3.exceptions.ConnectTimeoutError: (<urllib3.connection.HTTPSConnection object at 0x7fec9d0ea9d0>, 'Connection to api.github.com timed out. (connect timeout=4)')\n\nDuring handling of the above exception, another exception occurred:\n\nTraceback (most recent call last):\n  File \"/home/runner/micromamba/envs/cf-scripts/lib/python3.11/site-packages/requests/adapters.py\", line 486, in send\n    resp = conn.urlopen(\n           ^^^^^^^^^^^^^\n  File \"/home/runner/micromamba/envs/cf-scripts/lib/python3.11/site-packages/urllib3/connectionpool.py\", line 799, in urlopen\n    retries = retries.increment(\n              ^^^^^^^^^^^^^^^^^^\n  File \"/home/runner/micromamba/envs/cf-scripts/lib/python3.11/site-packages/urllib3/util/retry.py\", line 592, in increment\n    raise MaxRetryError(_pool, url, error or ResponseError(cause))\nurllib3.exceptions.MaxRetryError: HTTPSConnectionPool(host='api.github.com', port=443): Max retries exceeded with url: /user (Caused by ConnectTimeoutError(<urllib3.connection.HTTPSConnection object at 0x7fec9d0ea9d0>, 'Connection to api.github.com timed out. (connect timeout=4)'))\n\nDuring handling of the above exception, another exception occurred:\n\nTraceback (most recent call last):\n  File \"/home/runner/micromamba/envs/cf-scripts/lib/python3.11/site-packages/github3/models.py\", line 201, in _request\n    return request_method(*args, **kwargs)\n           ^^^^^^^^^^^^^^^^^^^^^^^^^^^^^^^\n  File \"/home/runner/micromamba/envs/cf-scripts/lib/python3.11/site-packages/requests/sessions.py\", line 602, in get\n    return self.request(\"GET\", url, **kwargs)\n           ^^^^^^^^^^^^^^^^^^^^^^^^^^^^^^^^^^\n  File \"/home/runner/micromamba/envs/cf-scripts/lib/python3.11/site-packages/github3/session.py\", line 171, in request\n    response = super().request(*args, **kwargs)\n               ^^^^^^^^^^^^^^^^^^^^^^^^^^^^^^^^\n  File \"/home/runner/micromamba/envs/cf-scripts/lib/python3.11/site-packages/requests/sessions.py\", line 589, in request\n    resp = self.send(prep, **send_kwargs)\n           ^^^^^^^^^^^^^^^^^^^^^^^^^^^^^^\n  File \"/home/runner/micromamba/envs/cf-scripts/lib/python3.11/site-packages/requests/sessions.py\", line 703, in send\n    r = adapter.send(request, **kwargs)\n        ^^^^^^^^^^^^^^^^^^^^^^^^^^^^^^^\n  File \"/home/runner/micromamba/envs/cf-scripts/lib/python3.11/site-packages/requests/adapters.py\", line 507, in send\n    raise ConnectTimeout(e, request=request)\nrequests.exceptions.ConnectTimeout: HTTPSConnectionPool(host='api.github.com', port=443): Max retries exceeded with url: /user (Caused by ConnectTimeoutError(<urllib3.connection.HTTPSConnection object at 0x7fec9d0ea9d0>, 'Connection to api.github.com timed out. (connect timeout=4)'))\n\nDuring handling of the above exception, another exception occurred:\n\nTraceback (most recent call last):\n  File \"/home/runner/work/cf-scripts/cf-scripts/cf-scripts/conda_forge_tick/auto_tick.py\", line 508, in _run_migrator_on_feedstock_branch\n    migrator_uid, pr_json = run(\n                            ^^^^\n  File \"/home/runner/work/cf-scripts/cf-scripts/cf-scripts/conda_forge_tick/auto_tick.py\", line 158, in run\n    feedstock_dir, repo = get_repo(\n                          ^^^^^^^^^\n  File \"/home/runner/work/cf-scripts/cf-scripts/cf-scripts/conda_forge_tick/git_utils.py\", line 312, in get_repo\n    gh_username = gh.me().login\n                  ^^^^^^^\n  File \"/home/runner/micromamba/envs/cf-scripts/lib/python3.11/site-packages/github3/decorators.py\", line 24, in auth_wrapper\n    return func(self, *args, **kwargs)\n           ^^^^^^^^^^^^^^^^^^^^^^^^^^^\n  File \"/home/runner/micromamba/envs/cf-scripts/lib/python3.11/site-packages/github3/github.py\", line 1590, in me\n    json = self._json(self._get(url), 200)\n                      ^^^^^^^^^^^^^^\n  File \"/home/runner/micromamba/envs/cf-scripts/lib/python3.11/site-packages/github3/models.py\", line 216, in _get\n    return self._request(\"get\", url, **kwargs)\n           ^^^^^^^^^^^^^^^^^^^^^^^^^^^^^^^^^^^\n  File \"/home/runner/micromamba/envs/cf-scripts/lib/python3.11/site-packages/github3/models.py\", line 206, in _request\n    raise exceptions.ConnectionError(exc)\ngithub3.exceptions.ConnectionError: <class 'requests.exceptions.ConnectTimeout'>: A connection-level exception occurred: HTTPSConnectionPool(host='api.github.com', port=443): Max retries exceeded with url: /user (Caused by ConnectTimeoutError(<urllib3.connection.HTTPSConnection object at 0x7fec9d0ea9d0>, 'Connection to api.github.com timed out. (connect timeout=4)'))\n",
  "python311": "not solvable (<a href=\"https://github.com/regro/cf-scripts/actions/runs/6286666323\">bot CI job</a>): main: ['linux_64_python3.10.____cpython: Encountered problems while solving:\\n  - nothing provides requested toolchain\\n  - package python-3.10.6-h582c2e5_0_cpython requires xz >=5.2.6,<6.0.0a0, but none of the providers can be installed\\n', 'linux_64_python3.11.____cpython: Encountered problems while solving:\\n  - nothing provides requested toolchain\\n  - package python-3.11.0-h582c2e5_0_cpython requires xz >=5.2.6,<5.3.0a0, but none of the providers can be installed\\n', 'linux_64_python3.8.____cpython: Encountered problems while solving:\\n  - nothing provides requested toolchain\\n  - package python-3.8.14-h257c98d_0_cpython requires xz >=5.2.6,<6.0a0, but none of the providers can be installed\\n', 'linux_64_python3.9.____cpython: Encountered problems while solving:\\n  - nothing provides requested toolchain\\n  - package python-3.9.14-h47a2c10_0_cpython requires xz >=5.2.6,<6.0a0, but none of the providers can be installed\\n', 'osx_64_python3.10.____cpython: Encountered problems while solving:\\n  - nothing provides requested toolchain\\n  - package python-3.10.6-ha7b0be1_0_cpython requires xz >=5.2.6,<6.0.0a0, but none of the providers can be installed\\n', 'osx_64_python3.11.____cpython: Encountered problems while solving:\\n  - nothing provides requested toolchain\\n  - package python-3.11.0-h559f36b_0_cpython requires xz >=5.2.6,<5.3.0a0, but none of the providers can be installed\\n', 'osx_64_python3.8.____cpython: Encountered problems while solving:\\n  - nothing provides requested toolchain\\n  - package python-3.8.14-hc915b28_0_cpython requires xz >=5.2.6,<6.0a0, but none of the providers can be installed\\n', 'osx_64_python3.9.____cpython: Encountered problems while solving:\\n  - nothing provides requested toolchain\\n  - package python-3.9.14-h531fd05_0_cpython requires xz >=5.2.6,<6.0a0, but none of the providers can be installed\\n', 'win_64_python3.10.____cpython: Encountered problems while solving:\\n  - nothing provides requested toolchain\\n  - nothing provides vc 9 needed by boost-1.65.1-py27_vc9_0\\n', 'win_64_python3.10.____cpython: Encountered problems while solving:\\n  - nothing provides vc 9 needed by boost-1.65.1-py27_vc9_0\\n', 'win_64_python3.11.____cpython: Encountered problems while solving:\\n  - nothing provides requested toolchain\\n  - nothing provides vc 9 needed by boost-1.65.1-py27_vc9_0\\n', 'win_64_python3.11.____cpython: Encountered problems while solving:\\n  - nothing provides vc 9 needed by boost-1.65.1-py27_vc9_0\\n', 'win_64_python3.8.____cpython: Encountered problems while solving:\\n  - nothing provides requested toolchain\\n  - nothing provides vc 9 needed by boost-1.65.1-py27_vc9_0\\n', 'win_64_python3.8.____cpython: Encountered problems while solving:\\n  - nothing provides vc 9 needed by boost-1.65.1-py27_vc9_0\\n', 'win_64_python3.9.____cpython: Encountered problems while solving:\\n  - nothing provides requested toolchain\\n  - nothing provides vc 9 needed by boost-1.65.1-py27_vc9_0\\n', 'win_64_python3.9.____cpython: Encountered problems while solving:\\n  - nothing provides vc 9 needed by boost-1.65.1-py27_vc9_0\\n']",
  "python312": "not solvable (<a href='https://github.com/regro/cf-scripts/actions/runs/8954725189'>bot CI job</a>) @ main\n                <details>\n                <div align=\"left\">\n                <pre>\n                linux_64_python3.10.____cpython: Could not solve for environment specs\nThe following packages are incompatible\n\u251C\u2500 boost 1.65.1.*  is installable with the potential options\n\u2502  \u251C\u2500 boost 1.65.1 would require\n\u2502  \u2502  \u2514\u2500 python 3.5*  with the potential options\n\u2502  \u2502     \u251C\u2500 python [3.5.1|3.5.2] would require\n\u2502  \u2502     \u2502  \u2514\u2500 xz 5.0.* , which can be installed;\n\u2502  \u2502     \u2514\u2500 python [3.5.2|3.5.3|3.5.4|3.5.5], which can be installed;\n\u2502  \u251C\u2500 boost 1.65.1 would require\n\u2502  \u2502  \u2514\u2500 python 2.7* , which can be installed;\n\u2502  \u2514\u2500 boost 1.65.1 would require\n\u2502     \u251C\u2500 python 3.6*  with the potential options\n\u2502     \u2502  \u251C\u2500 python [3.6.0|3.6.0a3|...|3.6.9], which can be installed;\n\u2502     \u2502  \u2514\u2500 python [3.6.12|3.6.9] would require\n\u2502     \u2502     \u2514\u2500 python_abi 3.6 *_pypy36_pp73, which can be installed;\n\u2502     \u2514\u2500 python_abi * *_cp36m, which conflicts with any installable versions previously reported;\n\u251C\u2500 python 3.10.* *_cpython is not installable because there are no viable options\n\u2502  \u251C\u2500 python [3.10.0|3.10.1|3.10.2|3.10.4|3.10.5] would require\n\u2502  \u2502  \u2514\u2500 xz >=5.2.5,<6.0.0a0 , which conflicts with any installable versions previously reported;\n\u2502  \u2514\u2500 python [3.10.10|3.10.11|...|3.10.9] would require\n\u2502     \u2514\u2500 xz [>=5.2.6,<6.0.0a0 |>=5.2.6,<6.0a0 ], which conflicts with any installable versions previously reported;\n\u2514\u2500 toolchain does not exist (perhaps a typo or a missing channel).</pre><pre>linux_64_python3.11.____cpython: Could not solve for environment specs\nThe following packages are incompatible\n\u251C\u2500 boost 1.65.1.*  is installable with the potential options\n\u2502  \u251C\u2500 boost 1.65.1 would require\n\u2502  \u2502  \u2514\u2500 python 3.5*  with the potential options\n\u2502  \u2502     \u251C\u2500 python [3.5.1|3.5.2] would require\n\u2502  \u2502     \u2502  \u2514\u2500 xz 5.0.* , which can be installed;\n\u2502  \u2502     \u2514\u2500 python [3.5.2|3.5.3|3.5.4|3.5.5], which can be installed;\n\u2502  \u251C\u2500 boost 1.65.1 would require\n\u2502  \u2502  \u2514\u2500 python 2.7* , which can be installed;\n\u2502  \u2514\u2500 boost 1.65.1 would require\n\u2502     \u251C\u2500 python 3.6*  with the potential options\n\u2502     \u2502  \u251C\u2500 python [3.6.0|3.6.0a3|...|3.6.9], which can be installed;\n\u2502     \u2502  \u2514\u2500 python [3.6.12|3.6.9] would require\n\u2502     \u2502     \u2514\u2500 python_abi 3.6 *_pypy36_pp73, which can be installed;\n\u2502     \u2514\u2500 python_abi * *_cp36m, which conflicts with any installable versions previously reported;\n\u251C\u2500 python 3.11.* *_cpython is not installable because it requires\n\u2502  \u2514\u2500 xz [>=5.2.6,<5.3.0a0 |>=5.2.6,<6.0a0 ], which conflicts with any installable versions previously reported;\n\u2514\u2500 toolchain does not exist (perhaps a typo or a missing channel).</pre><pre>linux_64_python3.12.____cpython: Could not solve for environment specs\nThe following packages are incompatible\n\u251C\u2500 boost 1.65.1.*  is installable with the potential options\n\u2502  \u251C\u2500 boost 1.65.1 would require\n\u2502  \u2502  \u2514\u2500 python 3.5*  with the potential options\n\u2502  \u2502     \u251C\u2500 python [3.5.1|3.5.2] would require\n\u2502  \u2502     \u2502  \u2514\u2500 xz 5.0.* , which can be installed;\n\u2502  \u2502     \u2514\u2500 python [3.5.2|3.5.3|3.5.4|3.5.5], which can be installed;\n\u2502  \u251C\u2500 boost 1.65.1 would require\n\u2502  \u2502  \u2514\u2500 python 2.7* , which can be installed;\n\u2502  \u2514\u2500 boost 1.65.1 would require\n\u2502     \u251C\u2500 python 3.6*  with the potential options\n\u2502     \u2502  \u251C\u2500 python [3.6.0|3.6.0a3|...|3.6.9], which can be installed;\n\u2502     \u2502  \u2514\u2500 python [3.6.12|3.6.9] would require\n\u2502     \u2502     \u2514\u2500 python_abi 3.6 *_pypy36_pp73, which can be installed;\n\u2502     \u2514\u2500 python_abi * *_cp36m, which conflicts with any installable versions previously reported;\n\u251C\u2500 python 3.12.* *_cpython is not installable because there are no viable options\n\u2502  \u251C\u2500 python [3.12.0|3.12.1|3.12.2|3.12.3] would require\n\u2502  \u2502  \u2514\u2500 xz >=5.2.6,<6.0a0 , which conflicts with any installable versions previously reported;\n\u2502  \u2514\u2500 python 3.12.0rc3 would require\n\u2502     \u2514\u2500 _python_rc, which does not exist (perhaps a missing channel);\n\u2514\u2500 toolchain does not exist (perhaps a typo or a missing channel).</pre><pre>linux_64_python3.8.____cpython: Could not solve for environment specs\nThe following packages are incompatible\n\u251C\u2500 boost 1.65.1.*  is installable with the potential options\n\u2502  \u251C\u2500 boost 1.65.1 would require\n\u2502  \u2502  \u2514\u2500 python 3.5*  with the potential options\n\u2502  \u2502     \u251C\u2500 python [3.5.1|3.5.2] would require\n\u2502  \u2502     \u2502  \u2514\u2500 xz 5.0.* , which can be installed;\n\u2502  \u2502     \u2514\u2500 python [3.5.2|3.5.3|3.5.4|3.5.5], which can be installed;\n\u2502  \u251C\u2500 boost 1.65.1 would require\n\u2502  \u2502  \u2514\u2500 python 2.7* , which can be installed;\n\u2502  \u2514\u2500 boost 1.65.1 would require\n\u2502     \u251C\u2500 python 3.6*  with the potential options\n\u2502     \u2502  \u251C\u2500 python [3.6.0|3.6.0a3|...|3.6.9], which can be installed;\n\u2502     \u2502  \u2514\u2500 python [3.6.12|3.6.9] would require\n\u2502     \u2502     \u2514\u2500 python_abi 3.6 *_pypy36_pp73, which can be installed;\n\u2502     \u2514\u2500 python_abi * *_cp36m, which conflicts with any installable versions previously reported;\n\u251C\u2500 python 3.8.* *_cpython is not installable because there are no viable options\n\u2502  \u251C\u2500 python [3.8.10|3.8.12|...|3.8.8] would require\n\u2502  \u2502  \u2514\u2500 xz >=5.2.5,<6.0.0a0 , which conflicts with any installable versions previously reported;\n\u2502  \u251C\u2500 python 3.8.2 would require\n\u2502  \u2502  \u2514\u2500 xz >=5.2.4,<6.0.0a0 , which conflicts with any installable versions previously reported;\n\u2502  \u2514\u2500 python [3.8.14|3.8.15|...|3.8.19] would require\n\u2502     \u2514\u2500 xz >=5.2.6,<6.0a0 , which conflicts with any installable versions previously reported;\n\u2514\u2500 toolchain does not exist (perhaps a typo or a missing channel).</pre><pre>linux_64_python3.9.____cpython: Could not solve for environment specs\nThe following packages are incompatible\n\u251C\u2500 boost 1.65.1.*  is installable with the potential options\n\u2502  \u251C\u2500 boost 1.65.1 would require\n\u2502  \u2502  \u2514\u2500 python 3.5*  with the potential options\n\u2502  \u2502     \u251C\u2500 python [3.5.1|3.5.2] would require\n\u2502  \u2502     \u2502  \u2514\u2500 xz 5.0.* , which can be installed;\n\u2502  \u2502     \u2514\u2500 python [3.5.2|3.5.3|3.5.4|3.5.5], which can be installed;\n\u2502  \u251C\u2500 boost 1.65.1 would require\n\u2502  \u2502  \u2514\u2500 python 2.7* , which can be installed;\n\u2502  \u2514\u2500 boost 1.65.1 would require\n\u2502     \u251C\u2500 python 3.6*  with the potential options\n\u2502     \u2502  \u251C\u2500 python [3.6.0|3.6.0a3|...|3.6.9], which can be installed;\n\u2502     \u2502  \u2514\u2500 python [3.6.12|3.6.9] would require\n\u2502     \u2502     \u2514\u2500 python_abi 3.6 *_pypy36_pp73, which can be installed;\n\u2502     \u2514\u2500 python_abi * *_cp36m, which conflicts with any installable versions previously reported;\n\u251C\u2500 python 3.9.* *_cpython is not installable because there are no viable options\n\u2502  \u251C\u2500 python [3.9.0|3.9.1|...|3.9.9] would require\n\u2502  \u2502  \u2514\u2500 xz >=5.2.5,<6.0.0a0 , which conflicts with any installable versions previously reported;\n\u2502  \u2514\u2500 python [3.9.14|3.9.15|...|3.9.19] would require\n\u2502     \u2514\u2500 xz >=5.2.6,<6.0a0 , which conflicts with any installable versions previously reported;\n\u2514\u2500 toolchain does not exist (perhaps a typo or a missing channel).</pre><pre>osx_64_python3.10.____cpython: Could not solve for environment specs\nThe following packages are incompatible\n\u251C\u2500 boost 1.65.1.*  is installable with the potential options\n\u2502  \u251C\u2500 boost 1.65.1 would require\n\u2502  \u2502  \u2514\u2500 python 3.5*  with the potential options\n\u2502  \u2502     \u251C\u2500 python [3.5.1|3.5.2] would require\n\u2502  \u2502     \u2502  \u2514\u2500 xz 5.0.* , which can be installed;\n\u2502  \u2502     \u2514\u2500 python [3.5.2|3.5.3|3.5.4|3.5.5], which can be installed;\n\u2502  \u251C\u2500 boost 1.65.1 would require\n\u2502  \u2502  \u2514\u2500 python 2.7* , which can be installed;\n\u2502  \u2514\u2500 boost 1.65.1 would require\n\u2502     \u251C\u2500 python 3.6*  with the potential options\n\u2502     \u2502  \u251C\u2500 python [3.6.0|3.6.0a3|...|3.6.9], which can be installed;\n\u2502     \u2502  \u2514\u2500 python [3.6.12|3.6.9] would require\n\u2502     \u2502     \u2514\u2500 python_abi 3.6 *_pypy36_pp73, which can be installed;\n\u2502     \u2514\u2500 python_abi * *_cp36m, which conflicts with any installable versions previously reported;\n\u251C\u2500 python 3.10.* *_cpython is not installable because there are no viable options\n\u2502  \u251C\u2500 python [3.10.0|3.10.1|3.10.2|3.10.4|3.10.5] would require\n\u2502  \u2502  \u2514\u2500 xz >=5.2.5,<6.0.0a0 , which conflicts with any installable versions previously reported;\n\u2502  \u2514\u2500 python [3.10.10|3.10.11|...|3.10.9] would require\n\u2502     \u2514\u2500 xz [>=5.2.6,<6.0.0a0 |>=5.2.6,<6.0a0 ], which conflicts with any installable versions previously reported;\n\u2514\u2500 toolchain does not exist (perhaps a typo or a missing channel).</pre><pre>osx_64_python3.11.____cpython: Could not solve for environment specs\nThe following packages are incompatible\n\u251C\u2500 boost 1.65.1.*  is installable with the potential options\n\u2502  \u251C\u2500 boost 1.65.1 would require\n\u2502  \u2502  \u2514\u2500 python 3.5*  with the potential options\n\u2502  \u2502     \u251C\u2500 python [3.5.1|3.5.2] would require\n\u2502  \u2502     \u2502  \u2514\u2500 xz 5.0.* , which can be installed;\n\u2502  \u2502     \u2514\u2500 python [3.5.2|3.5.3|3.5.4|3.5.5], which can be installed;\n\u2502  \u251C\u2500 boost 1.65.1 would require\n\u2502  \u2502  \u2514\u2500 python 2.7* , which can be installed;\n\u2502  \u2514\u2500 boost 1.65.1 would require\n\u2502     \u251C\u2500 python 3.6*  with the potential options\n\u2502     \u2502  \u251C\u2500 python [3.6.0|3.6.0a3|...|3.6.9], which can be installed;\n\u2502     \u2502  \u2514\u2500 python [3.6.12|3.6.9] would require\n\u2502     \u2502     \u2514\u2500 python_abi 3.6 *_pypy36_pp73, which can be installed;\n\u2502     \u2514\u2500 python_abi * *_cp36m, which conflicts with any installable versions previously reported;\n\u251C\u2500 python 3.11.* *_cpython is not installable because it requires\n\u2502  \u2514\u2500 xz [>=5.2.6,<5.3.0a0 |>=5.2.6,<6.0a0 ], which conflicts with any installable versions previously reported;\n\u2514\u2500 toolchain does not exist (perhaps a typo or a missing channel).</pre><pre>osx_64_python3.12.____cpython: Could not solve for environment specs\nThe following packages are incompatible\n\u251C\u2500 boost 1.65.1.*  is installable with the potential options\n\u2502  \u251C\u2500 boost 1.65.1 would require\n\u2502  \u2502  \u2514\u2500 python 3.5*  with the potential options\n\u2502  \u2502     \u251C\u2500 python [3.5.1|3.5.2] would require\n\u2502  \u2502     \u2502  \u2514\u2500 xz 5.0.* , which can be installed;\n\u2502  \u2502     \u2514\u2500 python [3.5.2|3.5.3|3.5.4|3.5.5], which can be installed;\n\u2502  \u251C\u2500 boost 1.65.1 would require\n\u2502  \u2502  \u2514\u2500 python 2.7* , which can be installed;\n\u2502  \u2514\u2500 boost 1.65.1 would require\n\u2502     \u251C\u2500 python 3.6*  with the potential options\n\u2502     \u2502  \u251C\u2500 python [3.6.0|3.6.0a3|...|3.6.9], which can be installed;\n\u2502     \u2502  \u2514\u2500 python [3.6.12|3.6.9] would require\n\u2502     \u2502     \u2514\u2500 python_abi 3.6 *_pypy36_pp73, which can be installed;\n\u2502     \u2514\u2500 python_abi * *_cp36m, which conflicts with any installable versions previously reported;\n\u251C\u2500 python 3.12.* *_cpython is not installable because there are no viable options\n\u2502  \u251C\u2500 python [3.12.0|3.12.1|3.12.2|3.12.3] would require\n\u2502  \u2502  \u2514\u2500 xz >=5.2.6,<6.0a0 , which conflicts with any installable versions previously reported;\n\u2502  \u2514\u2500 python 3.12.0rc3 would require\n\u2502     \u2514\u2500 _python_rc, which does not exist (perhaps a missing channel);\n\u2514\u2500 toolchain does not exist (perhaps a typo or a missing channel).</pre><pre>osx_64_python3.8.____cpython: Could not solve for environment specs\nThe following packages are incompatible\n\u251C\u2500 boost 1.65.1.*  is installable with the potential options\n\u2502  \u251C\u2500 boost 1.65.1 would require\n\u2502  \u2502  \u2514\u2500 python 3.5*  with the potential options\n\u2502  \u2502     \u251C\u2500 python [3.5.1|3.5.2] would require\n\u2502  \u2502     \u2502  \u2514\u2500 xz 5.0.* , which can be installed;\n\u2502  \u2502     \u2514\u2500 python [3.5.2|3.5.3|3.5.4|3.5.5], which can be installed;\n\u2502  \u251C\u2500 boost 1.65.1 would require\n\u2502  \u2502  \u2514\u2500 python 2.7* , which can be installed;\n\u2502  \u2514\u2500 boost 1.65.1 would require\n\u2502     \u251C\u2500 python 3.6*  with the potential options\n\u2502     \u2502  \u251C\u2500 python [3.6.0|3.6.0a3|...|3.6.9], which can be installed;\n\u2502     \u2502  \u2514\u2500 python [3.6.12|3.6.9] would require\n\u2502     \u2502     \u2514\u2500 python_abi 3.6 *_pypy36_pp73, which can be installed;\n\u2502     \u2514\u2500 python_abi * *_cp36m, which conflicts with any installable versions previously reported;\n\u251C\u2500 python 3.8.* *_cpython is not installable because there are no viable options\n\u2502  \u251C\u2500 python [3.8.10|3.8.12|...|3.8.8] would require\n\u2502  \u2502  \u2514\u2500 xz >=5.2.5,<6.0.0a0 , which conflicts with any installable versions previously reported;\n\u2502  \u251C\u2500 python 3.8.2 would require\n\u2502  \u2502  \u2514\u2500 xz >=5.2.4,<6.0.0a0 , which conflicts with any installable versions previously reported;\n\u2502  \u2514\u2500 python [3.8.14|3.8.15|...|3.8.19] would require\n\u2502     \u2514\u2500 xz >=5.2.6,<6.0a0 , which conflicts with any installable versions previously reported;\n\u2514\u2500 toolchain does not exist (perhaps a typo or a missing channel).</pre><pre>osx_64_python3.9.____cpython: Could not solve for environment specs\nThe following packages are incompatible\n\u251C\u2500 boost 1.65.1.*  is installable with the potential options\n\u2502  \u251C\u2500 boost 1.65.1 would require\n\u2502  \u2502  \u2514\u2500 python 3.5*  with the potential options\n\u2502  \u2502     \u251C\u2500 python [3.5.1|3.5.2] would require\n\u2502  \u2502     \u2502  \u2514\u2500 xz 5.0.* , which can be installed;\n\u2502  \u2502     \u2514\u2500 python [3.5.2|3.5.3|3.5.4|3.5.5], which can be installed;\n\u2502  \u251C\u2500 boost 1.65.1 would require\n\u2502  \u2502  \u2514\u2500 python 2.7* , which can be installed;\n\u2502  \u2514\u2500 boost 1.65.1 would require\n\u2502     \u251C\u2500 python 3.6*  with the potential options\n\u2502     \u2502  \u251C\u2500 python [3.6.0|3.6.0a3|...|3.6.9], which can be installed;\n\u2502     \u2502  \u2514\u2500 python [3.6.12|3.6.9] would require\n\u2502     \u2502     \u2514\u2500 python_abi 3.6 *_pypy36_pp73, which can be installed;\n\u2502     \u2514\u2500 python_abi * *_cp36m, which conflicts with any installable versions previously reported;\n\u251C\u2500 python 3.9.* *_cpython is not installable because there are no viable options\n\u2502  \u251C\u2500 python [3.9.0|3.9.1|...|3.9.9] would require\n\u2502  \u2502  \u2514\u2500 xz >=5.2.5,<6.0.0a0 , which conflicts with any installable versions previously reported;\n\u2502  \u2514\u2500 python [3.9.14|3.9.15|...|3.9.19] would require\n\u2502     \u2514\u2500 xz >=5.2.6,<6.0a0 , which conflicts with any installable versions previously reported;\n\u2514\u2500 toolchain does not exist (perhaps a typo or a missing channel).</pre><pre>win_64_python3.10.____cpython: Could not solve for environment specs\nThe following packages are incompatible\n\u2514\u2500 boost 1.65.1.*  is not installable because there are no viable options\n   \u251C\u2500 boost 1.65.1 would require\n   \u2502  \u2514\u2500 vc 9 , which does not exist (perhaps a missing channel);\n   \u2514\u2500 boost 1.65.1 would require\n      \u2514\u2500 vc 14 , which does not exist (perhaps a missing channel).</pre><pre>win_64_python3.10.____cpython: Could not solve for environment specs\nThe following packages are incompatible\n\u251C\u2500 boost 1.65.1.*  is not installable because there are no viable options\n\u2502  \u251C\u2500 boost 1.65.1 would require\n\u2502  \u2502  \u2514\u2500 vc 9 , which does not exist (perhaps a missing channel);\n\u2502  \u2514\u2500 boost 1.65.1 would require\n\u2502     \u2514\u2500 vc 14 , which does not exist (perhaps a missing channel);\n\u2514\u2500 toolchain does not exist (perhaps a typo or a missing channel).</pre><pre>win_64_python3.11.____cpython: Could not solve for environment specs\nThe following packages are incompatible\n\u2514\u2500 boost 1.65.1.*  is not installable because there are no viable options\n   \u251C\u2500 boost 1.65.1 would require\n   \u2502  \u2514\u2500 vc 9 , which does not exist (perhaps a missing channel);\n   \u2514\u2500 boost 1.65.1 would require\n      \u2514\u2500 vc 14 , which does not exist (perhaps a missing channel).</pre><pre>win_64_python3.11.____cpython: Could not solve for environment specs\nThe following packages are incompatible\n\u251C\u2500 boost 1.65.1.*  is not installable because there are no viable options\n\u2502  \u251C\u2500 boost 1.65.1 would require\n\u2502  \u2502  \u2514\u2500 vc 9 , which does not exist (perhaps a missing channel);\n\u2502  \u2514\u2500 boost 1.65.1 would require\n\u2502     \u2514\u2500 vc 14 , which does not exist (perhaps a missing channel);\n\u2514\u2500 toolchain does not exist (perhaps a typo or a missing channel).</pre><pre>win_64_python3.12.____cpython: Could not solve for environment specs\nThe following packages are incompatible\n\u2514\u2500 boost 1.65.1.*  is not installable because there are no viable options\n   \u251C\u2500 boost 1.65.1 would require\n   \u2502  \u2514\u2500 vc 9 , which does not exist (perhaps a missing channel);\n   \u2514\u2500 boost 1.65.1 would require\n      \u2514\u2500 vc 14 , which does not exist (perhaps a missing channel).</pre><pre>win_64_python3.12.____cpython: Could not solve for environment specs\nThe following packages are incompatible\n\u251C\u2500 boost 1.65.1.*  is not installable because there are no viable options\n\u2502  \u251C\u2500 boost 1.65.1 would require\n\u2502  \u2502  \u2514\u2500 vc 9 , which does not exist (perhaps a missing channel);\n\u2502  \u2514\u2500 boost 1.65.1 would require\n\u2502     \u2514\u2500 vc 14 , which does not exist (perhaps a missing channel);\n\u2514\u2500 toolchain does not exist (perhaps a typo or a missing channel).</pre><pre>win_64_python3.8.____cpython: Could not solve for environment specs\nThe following packages are incompatible\n\u2514\u2500 boost 1.65.1.*  is not installable because there are no viable options\n   \u251C\u2500 boost 1.65.1 would require\n   \u2502  \u2514\u2500 vc 9 , which does not exist (perhaps a missing channel);\n   \u2514\u2500 boost 1.65.1 would require\n      \u2514\u2500 vc 14 , which does not exist (perhaps a missing channel).</pre><pre>win_64_python3.8.____cpython: Could not solve for environment specs\nThe following packages are incompatible\n\u251C\u2500 boost 1.65.1.*  is not installable because there are no viable options\n\u2502  \u251C\u2500 boost 1.65.1 would require\n\u2502  \u2502  \u2514\u2500 vc 9 , which does not exist (perhaps a missing channel);\n\u2502  \u2514\u2500 boost 1.65.1 would require\n\u2502     \u2514\u2500 vc 14 , which does not exist (perhaps a missing channel);\n\u2514\u2500 toolchain does not exist (perhaps a typo or a missing channel).</pre><pre>win_64_python3.9.____cpython: Could not solve for environment specs\nThe following packages are incompatible\n\u2514\u2500 boost 1.65.1.*  is not installable because there are no viable options\n   \u251C\u2500 boost 1.65.1 would require\n   \u2502  \u2514\u2500 vc 9 , which does not exist (perhaps a missing channel);\n   \u2514\u2500 boost 1.65.1 would require\n      \u2514\u2500 vc 14 , which does not exist (perhaps a missing channel).</pre><pre>win_64_python3.9.____cpython: Could not solve for environment specs\nThe following packages are incompatible\n\u251C\u2500 boost 1.65.1.*  is not installable because there are no viable options\n\u2502  \u251C\u2500 boost 1.65.1 would require\n\u2502  \u2502  \u2514\u2500 vc 9 , which does not exist (perhaps a missing channel);\n\u2502  \u2514\u2500 boost 1.65.1 would require\n\u2502     \u2514\u2500 vc 14 , which does not exist (perhaps a missing channel);\n\u2514\u2500 toolchain does not exist (perhaps a typo or a missing channel).\n                </pre>\n                </div>\n                </details>",
  "python39": "not solvable: master: ['linux_64_python3.7.____cpython: Encountered problems while solving.\\nProblem: package boost-1.65.1-py27_0 requires python 2.7*, but none of the providers can be installed\\n', 'linux_64_python3.8.____cpython: Encountered problems while solving.\\nProblem: package boost-1.65.1-py27_0 requires python 2.7*, but none of the providers can be installed\\n', 'linux_64_python3.9.____cpython: Encountered problems while solving.\\nProblem: package boost-1.65.1-py27_0 requires python 2.7*, but none of the providers can be installed\\n', 'osx_64_python3.6.____cpython: Encountered problems while solving.\\nProblem: nothing provides requested toolchain\\n', 'osx_64_python3.7.____cpython: Encountered problems while solving.\\nProblem: nothing provides requested toolchain\\nProblem: package boost-1.65.1-py27_0 requires python 2.7*, but none of the providers can be installed\\n', 'osx_64_python3.8.____cpython: Encountered problems while solving.\\nProblem: nothing provides requested toolchain\\nProblem: package boost-1.65.1-py27_0 requires python 2.7*, but none of the providers can be installed\\n', 'osx_64_python3.9.____cpython: Encountered problems while solving.\\nProblem: nothing provides requested toolchain\\nProblem: package boost-1.65.1-py27_0 requires python 2.7*, but none of the providers can be installed\\n', 'win_64_python3.7.____cpython: Encountered problems while solving.\\nProblem: package boost-1.65.1-py27_vc9_0 requires python 2.7*, but none of the providers can be installed\\n', 'win_64_python3.8.____cpython: Encountered problems while solving.\\nProblem: package boost-1.65.1-py27_vc9_0 requires python 2.7*, but none of the providers can be installed\\n', 'win_64_python3.9.____cpython: Encountered problems while solving.\\nProblem: package boost-1.65.1-py27_vc9_0 requires python 2.7*, but none of the providers can be installed\\n']"
 },
 "smithy_version": "3.15.1"
}